n0021_ks_3e-4

Aero Options
--------------  ------------------------------------------------------------------------
alpha           [ 0  4  6  8  9 10 11 12 13 14 15 16 17 20 25  0  4  6  8  9 10 11 12 13
                 14 15 16 17 20 25  0  4  6  8  9 10 11 12 13 14 15 16 17 20 25]
reynolds        [ 6000000.  6000000.  6000000.  6000000.  6000000.  6000000.  6000000.
                  6000000.  6000000.  6000000.  6000000.  6000000.  6000000.  6000000.
                  6000000.  8000000.  8000000.  8000000.  8000000.  8000000.  8000000.
                  8000000.  8000000.  8000000.  8000000.  8000000.  8000000.  8000000.
                  8000000.  8000000. 10000000. 10000000. 10000000. 10000000. 10000000.
                 10000000. 10000000. 10000000. 10000000. 10000000. 10000000. 10000000.
                 10000000. 10000000. 10000000.]
mach            0.15
T               288
reynoldsLength  1.0
xRef            0.25
areaRef         1.0
chordRef        1.0
evalFuncs       cl, cd, cmz
--------------  ------------------------------------------------------------------------


 RESULTS
     alpha          reynolds          cd          cl         cmz    totalRes    iterTot
----------  ----------------  ----------  ----------  ----------  ----------  ---------
0.00000000  6000000.00000000  0.01429849  0.00000022  0.00000001  0.00000461        532
4.00000000  6000000.00000000  0.01533806  0.40199835  -0.00821927  0.00000470        597
6.00000000  6000000.00000000  0.01676314  0.59541530  -0.01282512  0.00000470        655
8.00000000  6000000.00000000  0.01905271  0.77819851  -0.01794204  0.00000480        701
9.00000000  6000000.00000000  0.02066286  0.86313683  -0.02076089  0.00000487        700
10.00000000  6000000.00000000  0.02272482  0.94173955  -0.02375897  0.00000484        694
11.00000000  6000000.00000000  0.02542237  1.01169704  -0.02687987  0.00000489        669
12.00000000  6000000.00000000  0.02907130  1.06979558  -0.02993967  0.00000489        628
13.00000000  6000000.00000000  0.03421177  1.11091733  -0.03259641  0.00000496        595
14.00000000  6000000.00000000  0.04179023  1.12796670  -0.03410329  0.00000500        571
15.00000000  6000000.00000000  0.05324489  1.11297888  -0.03320936  0.00000513        558
16.00000000  6000000.00000000  0.06978397  1.06561422  -0.02870254  0.00000513        555
17.00000000  6000000.00000000  0.09101138  1.00080763  -0.02068628  0.00000519        549
20.00000000  6000000.00000000  0.16898427  0.83284175  0.01129403  0.00000540        560
25.00000000  6000000.00000000  0.30825362  0.73234039  0.05713239  0.00000578        529
0.00000000  8000000.00000000  0.01467708  0.00000022  0.00000001  0.00000468        542
4.00000000  8000000.00000000  0.01575562  0.39880586  -0.00868158  0.00000468        610
6.00000000  8000000.00000000  0.01723664  0.59047376  -0.01349124  0.00000469        669
8.00000000  8000000.00000000  0.01962500  0.77112349  -0.01878606  0.00000483        699
9.00000000  8000000.00000000  0.02131363  0.85468348  -0.02168192  0.00000482        706
10.00000000  8000000.00000000  0.02348676  0.93156688  -0.02473674  0.00000486        698
11.00000000  8000000.00000000  0.02634936  0.99930371  -0.02787340  0.00000493        663
12.00000000  8000000.00000000  0.03025643  1.05441514  -0.03087183  0.00000488        629
13.00000000  8000000.00000000  0.03581749  1.09125226  -0.03333937  0.00000496        595
14.00000000  8000000.00000000  0.04409888  1.10240994  -0.03439632  0.00000507        575
15.00000000  8000000.00000000  0.05660740  1.08037023  -0.03272303  0.00000512        567
16.00000000  8000000.00000000  0.07429435  1.02814024  -0.02730034  0.00000509        564
17.00000000  8000000.00000000  0.09635142  0.96299746  -0.01863625  0.00000517        559
20.00000000  8000000.00000000  0.17508076  0.80469085  0.01344605  0.00000531        565
25.00000000  8000000.00000000  0.31299506  0.71913296  0.05792599  0.00000574        542
0.00000000  10000000.00000000  0.01504146  0.00000021  0.00000001  0.00000464        553
4.00000000  10000000.00000000  0.01614384  0.39613519  -0.00905959  0.00000467        629
6.00000000  10000000.00000000  0.01765970  0.58644967  -0.01401960  0.00000477        688
8.00000000  10000000.00000000  0.02011147  0.76553784  -0.01943261  0.00000483        719
9.00000000  10000000.00000000  0.02185190  0.84812700  -0.02237271  0.00000484        720
10.00000000  10000000.00000000  0.02409941  0.92382748  -0.02545203  0.00000489        705
11.00000000  10000000.00000000  0.02707412  0.99006740  -0.02857820  0.00000490        674
12.00000000  10000000.00000000  0.03115832  1.04317482  -0.03150875  0.00000489        640
13.00000000  10000000.00000000  0.03701006  1.07718671  -0.03381175  0.00000500        601
14.00000000  10000000.00000000  0.04577207  1.08451976  -0.03452858  0.00000503        585
15.00000000  10000000.00000000  0.05896542  1.05833803  -0.03231300  0.00000502        579
16.00000000  10000000.00000000  0.07732494  1.00384841  -0.02633370  0.00000518        576
17.00000000  10000000.00000000  0.09981421  0.93933137  -0.01732558  0.00000512        579
20.00000000  10000000.00000000  0.17882547  0.78783252  0.01469121  0.00000539        575
25.00000000  10000000.00000000  0.31579643  0.71141116  0.05832929  0.00000564        558
